{
  "RSpec": {
    "coverage": {
      "/Users/colinscally/Projects/bookmark/app/app.rb": [
        1,
        1,
        null,
        1,
        null,
        1,
        1,
        1,
        null,
        null,
        null
      ],
      "/Users/colinscally/Projects/bookmark/models/link.rb": [
        1,
        1,
        null,
        1,
        null,
        1,
        null,
        1,
        1,
        1,
        null,
        null,
        null,
        null,
        1,
        1,
        1
      ],
      "/Users/colinscally/Projects/bookmark/spec/features/test_viewing_links_spec.rb": [
        1,
        1,
        1,
        1,
        1,
        1,
        1,
        null,
        null,
        null
      ]
    },
    "timestamp": 1496162843
  }
}
