{
  "RSpec": {
    "coverage": {
      "/Users/marioribeiro/Dropbox/Code/training/makers-academy/week4/bookmark_manager/app.rb": [
        1,
        null,
        1,
        null,
        1,
        null,
        null,
        null,
        null
      ],
      "/Users/marioribeiro/Dropbox/Code/training/makers-academy/week4/bookmark_manager/spec/features/test_viewing_links_spec.rb": [
        1,
        1,
        1,
        0,
        0,
        0,
        0,
        null,
        null,
        null
      ]
    },
    "timestamp": 1496159480
  }
}
